{"/home/nitik/React/blink-list/src/App.tsx": {"path":"/home/nitik/React/blink-list/src/App.tsx","statementMap":{"0":{"start":{"line":13,"column":48},"end":{"line":13,"column":60}},"1":{"start":{"line":14,"column":48},"end":{"line":14,"column":60}},"2":{"start":{"line":15,"column":28},"end":{"line":15,"column":40}},"3":{"start":{"line":16,"column":32},"end":{"line":16,"column":47}},"4":{"start":{"line":17,"column":30},"end":{"line":17,"column":40}},"5":{"start":{"line":19,"column":2},"end":{"line":48,"column":9}},"6":{"start":{"line":21,"column":6},"end":{"line":29,"column":7}},"7":{"start":{"line":22,"column":25},"end":{"line":24,"column":9}},"8":{"start":{"line":25,"column":8},"end":{"line":25,"column":35}},"9":{"start":{"line":26,"column":8},"end":{"line":26,"column":42}},"10":{"start":{"line":28,"column":8},"end":{"line":28,"column":29}},"11":{"start":{"line":30,"column":6},"end":{"line":38,"column":7}},"12":{"start":{"line":31,"column":25},"end":{"line":33,"column":9}},"13":{"start":{"line":34,"column":8},"end":{"line":34,"column":35}},"14":{"start":{"line":35,"column":8},"end":{"line":35,"column":42}},"15":{"start":{"line":37,"column":8},"end":{"line":37,"column":29}},"16":{"start":{"line":39,"column":6},"end":{"line":45,"column":7}},"17":{"start":{"line":40,"column":25},"end":{"line":40,"column":71}},"18":{"start":{"line":41,"column":8},"end":{"line":41,"column":35}},"19":{"start":{"line":42,"column":8},"end":{"line":42,"column":32}},"20":{"start":{"line":44,"column":8},"end":{"line":44,"column":29}},"21":{"start":{"line":47,"column":4},"end":{"line":47,"column":14}},"22":{"start":{"line":49,"column":2},"end":{"line":93,"column":4}}},"fnMap":{"0":{"name":"App","decl":{"start":{"line":12,"column":9},"end":{"line":12,"column":12}},"loc":{"start":{"line":12,"column":15},"end":{"line":94,"column":1}},"line":12},"1":{"name":"(anonymous_1)","decl":{"start":{"line":19,"column":12},"end":{"line":19,"column":13}},"loc":{"start":{"line":19,"column":18},"end":{"line":48,"column":3}},"line":19},"2":{"name":"getUser","decl":{"start":{"line":20,"column":19},"end":{"line":20,"column":26}},"loc":{"start":{"line":20,"column":29},"end":{"line":46,"column":5}},"line":20}},"branchMap":{},"s":{"0":0,"1":0,"2":0,"3":0,"4":0,"5":0,"6":0,"7":0,"8":0,"9":0,"10":0,"11":0,"12":0,"13":0,"14":0,"15":0,"16":0,"17":0,"18":0,"19":0,"20":0,"21":0,"22":0},"f":{"0":0,"1":0,"2":0},"b":{}}
,"/home/nitik/React/blink-list/src/components/atoms/buttons/ReadNowButton/ReadNowButton.tsx": {"path":"/home/nitik/React/blink-list/src/components/atoms/buttons/ReadNowButton/ReadNowButton.tsx","statementMap":{"0":{"start":{"line":9,"column":22},"end":{"line":65,"column":1}},"1":{"start":{"line":17,"column":19},"end":{"line":17,"column":32}},"2":{"start":{"line":19,"column":4},"end":{"line":19,"column":37}},"3":{"start":{"line":21,"column":14},"end":{"line":21,"column":65}},"4":{"start":{"line":21,"column":45},"end":{"line":21,"column":64}},"5":{"start":{"line":22,"column":4},"end":{"line":24,"column":5}},"6":{"start":{"line":23,"column":6},"end":{"line":23,"column":13}},"7":{"start":{"line":25,"column":29},"end":{"line":25,"column":79}},"8":{"start":{"line":26,"column":27},"end":{"line":26,"column":79}},"9":{"start":{"line":26,"column":58},"end":{"line":26,"column":78}},"10":{"start":{"line":28,"column":4},"end":{"line":36,"column":5}},"11":{"start":{"line":29,"column":23},"end":{"line":31,"column":7}},"12":{"start":{"line":32,"column":6},"end":{"line":32,"column":33}},"13":{"start":{"line":33,"column":6},"end":{"line":33,"column":43}},"14":{"start":{"line":35,"column":6},"end":{"line":35,"column":27}},"15":{"start":{"line":37,"column":4},"end":{"line":50,"column":5}},"16":{"start":{"line":38,"column":23},"end":{"line":45,"column":8}},"17":{"start":{"line":46,"column":6},"end":{"line":46,"column":33}},"18":{"start":{"line":47,"column":6},"end":{"line":47,"column":43}},"19":{"start":{"line":49,"column":6},"end":{"line":49,"column":27}},"20":{"start":{"line":51,"column":4},"end":{"line":51,"column":18}},"21":{"start":{"line":53,"column":2},"end":{"line":64,"column":4}}},"fnMap":{"0":{"name":"(anonymous_0)","decl":{"start":{"line":9,"column":22},"end":{"line":9,"column":23}},"loc":{"start":{"line":16,"column":23},"end":{"line":65,"column":1}},"line":16},"1":{"name":"handleOnclick","decl":{"start":{"line":18,"column":17},"end":{"line":18,"column":30}},"loc":{"start":{"line":18,"column":33},"end":{"line":52,"column":3}},"line":18},"2":{"name":"(anonymous_2)","decl":{"start":{"line":21,"column":35},"end":{"line":21,"column":36}},"loc":{"start":{"line":21,"column":45},"end":{"line":21,"column":64}},"line":21},"3":{"name":"(anonymous_3)","decl":{"start":{"line":26,"column":48},"end":{"line":26,"column":49}},"loc":{"start":{"line":26,"column":58},"end":{"line":26,"column":78}},"line":26}},"branchMap":{"0":{"loc":{"start":{"line":22,"column":4},"end":{"line":24,"column":5}},"type":"if","locations":[{"start":{"line":22,"column":4},"end":{"line":24,"column":5}},{"start":{},"end":{}}],"line":22}},"s":{"0":3,"1":6,"2":0,"3":0,"4":0,"5":0,"6":0,"7":0,"8":0,"9":0,"10":0,"11":0,"12":0,"13":0,"14":0,"15":0,"16":0,"17":0,"18":0,"19":0,"20":0,"21":2},"f":{"0":6,"1":0,"2":0,"3":0},"b":{"0":[0,0]},"_coverageSchema":"1a1c01bbd47fc00a2c39e90264f33305004495a9","hash":"f7913b8684edf0da334632580c4384798f7d03ef"}
,"/home/nitik/React/blink-list/src/components/molecules/Login/Login.tsx": {"path":"/home/nitik/React/blink-list/src/components/molecules/Login/Login.tsx","statementMap":{"0":{"start":{"line":6,"column":20},"end":{"line":14,"column":1}},"1":{"start":{"line":7,"column":32},"end":{"line":7,"column":42}},"2":{"start":{"line":9,"column":2},"end":{"line":13,"column":4}},"3":{"start":{"line":10,"column":49},"end":{"line":10,"column":68}}},"fnMap":{"0":{"name":"(anonymous_0)","decl":{"start":{"line":6,"column":20},"end":{"line":6,"column":21}},"loc":{"start":{"line":6,"column":46},"end":{"line":14,"column":1}},"line":6},"1":{"name":"(anonymous_1)","decl":{"start":{"line":10,"column":43},"end":{"line":10,"column":44}},"loc":{"start":{"line":10,"column":49},"end":{"line":10,"column":68}},"line":10}},"branchMap":{},"s":{"0":5,"1":2,"2":2,"3":0},"f":{"0":2,"1":0},"b":{},"_coverageSchema":"1a1c01bbd47fc00a2c39e90264f33305004495a9","hash":"adb749d6a631cf0f105ac438730509d3da97afca"}
,"/home/nitik/React/blink-list/src/components/molecules/Logout/Logout.tsx": {"path":"/home/nitik/React/blink-list/src/components/molecules/Logout/Logout.tsx","statementMap":{"0":{"start":{"line":6,"column":21},"end":{"line":17,"column":1}},"1":{"start":{"line":7,"column":21},"end":{"line":7,"column":31}},"2":{"start":{"line":9,"column":2},"end":{"line":16,"column":4}},"3":{"start":{"line":12,"column":21},"end":{"line":12,"column":65}}},"fnMap":{"0":{"name":"(anonymous_0)","decl":{"start":{"line":6,"column":21},"end":{"line":6,"column":22}},"loc":{"start":{"line":6,"column":48},"end":{"line":17,"column":1}},"line":6},"1":{"name":"(anonymous_1)","decl":{"start":{"line":12,"column":15},"end":{"line":12,"column":16}},"loc":{"start":{"line":12,"column":21},"end":{"line":12,"column":65}},"line":12}},"branchMap":{},"s":{"0":5,"1":1,"2":1,"3":0},"f":{"0":1,"1":0},"b":{},"_coverageSchema":"1a1c01bbd47fc00a2c39e90264f33305004495a9","hash":"77669ac28d08233c24e939c9ca83a68c85ac5e84"}
,"/home/nitik/React/blink-list/src/components/molecules/navBar/NavBar.tsx": {"path":"/home/nitik/React/blink-list/src/components/molecules/navBar/NavBar.tsx","statementMap":{"0":{"start":{"line":19,"column":15},"end":{"line":136,"column":1}},"1":{"start":{"line":20,"column":34},"end":{"line":20,"column":74}},"2":{"start":{"line":21,"column":15},"end":{"line":21,"column":32}},"3":{"start":{"line":22,"column":22},"end":{"line":24,"column":3}},"4":{"start":{"line":23,"column":4},"end":{"line":23,"column":37}},"5":{"start":{"line":25,"column":22},"end":{"line":27,"column":3}},"6":{"start":{"line":26,"column":4},"end":{"line":26,"column":22}},"7":{"start":{"line":28,"column":18},"end":{"line":28,"column":29}},"8":{"start":{"line":29,"column":2},"end":{"line":135,"column":4}},"9":{"start":{"line":68,"column":12},"end":{"line":68,"column":47}},"10":{"start":{"line":128,"column":12},"end":{"line":128,"column":47}}},"fnMap":{"0":{"name":"(anonymous_0)","decl":{"start":{"line":19,"column":15},"end":{"line":19,"column":16}},"loc":{"start":{"line":19,"column":78},"end":{"line":136,"column":1}},"line":19},"1":{"name":"(anonymous_1)","decl":{"start":{"line":22,"column":22},"end":{"line":22,"column":23}},"loc":{"start":{"line":22,"column":70},"end":{"line":24,"column":3}},"line":22},"2":{"name":"(anonymous_2)","decl":{"start":{"line":25,"column":22},"end":{"line":25,"column":23}},"loc":{"start":{"line":25,"column":28},"end":{"line":27,"column":3}},"line":25},"3":{"name":"(anonymous_3)","decl":{"start":{"line":67,"column":19},"end":{"line":67,"column":20}},"loc":{"start":{"line":67,"column":25},"end":{"line":69,"column":11}},"line":67},"4":{"name":"(anonymous_4)","decl":{"start":{"line":127,"column":19},"end":{"line":127,"column":20}},"loc":{"start":{"line":127,"column":25},"end":{"line":129,"column":11}},"line":127}},"branchMap":{"0":{"loc":{"start":{"line":64,"column":7},"end":{"line":133,"column":7}},"type":"cond-expr","locations":[{"start":{"line":65,"column":8},"end":{"line":123,"column":15}},{"start":{"line":125,"column":8},"end":{"line":132,"column":15}}],"line":64},"1":{"loc":{"start":{"line":86,"column":31},"end":{"line":86,"column":62}},"type":"cond-expr","locations":[{"start":{"line":86,"column":38},"end":{"line":86,"column":50}},{"start":{"line":86,"column":53},"end":{"line":86,"column":62}}],"line":86},"2":{"loc":{"start":{"line":88,"column":31},"end":{"line":88,"column":56}},"type":"cond-expr","locations":[{"start":{"line":88,"column":38},"end":{"line":88,"column":44}},{"start":{"line":88,"column":47},"end":{"line":88,"column":56}}],"line":88}},"s":{"0":4,"1":5,"2":5,"3":5,"4":0,"5":5,"6":0,"7":5,"8":5,"9":0,"10":0},"f":{"0":5,"1":0,"2":0,"3":0,"4":0},"b":{"0":[4,1],"1":[0,4],"2":[0,4]},"_coverageSchema":"1a1c01bbd47fc00a2c39e90264f33305004495a9","hash":"e214961810dac74a89fa6cf998ac3a7508bd56dd"}
,"/home/nitik/React/blink-list/src/components/pages/EntrepreneurshipBooksPage/EntrepreneurshipBooksPage.tsx": {"path":"/home/nitik/React/blink-list/src/components/pages/EntrepreneurshipBooksPage/EntrepreneurshipBooksPage.tsx","statementMap":{"0":{"start":{"line":15,"column":34},"end":{"line":59,"column":1}},"1":{"start":{"line":21,"column":42},"end":{"line":21,"column":54}},"2":{"start":{"line":22,"column":2},"end":{"line":26,"column":3}},"3":{"start":{"line":23,"column":4},"end":{"line":25,"column":6}},"4":{"start":{"line":24,"column":6},"end":{"line":24,"column":70}},"5":{"start":{"line":28,"column":32},"end":{"line":32,"column":4}},"6":{"start":{"line":29,"column":4},"end":{"line":31,"column":11}},"7":{"start":{"line":34,"column":2},"end":{"line":58,"column":4}}},"fnMap":{"0":{"name":"(anonymous_0)","decl":{"start":{"line":15,"column":34},"end":{"line":15,"column":35}},"loc":{"start":{"line":20,"column":16},"end":{"line":59,"column":1}},"line":20},"1":{"name":"(anonymous_1)","decl":{"start":{"line":23,"column":25},"end":{"line":23,"column":26}},"loc":{"start":{"line":24,"column":6},"end":{"line":24,"column":70}},"line":24},"2":{"name":"(anonymous_2)","decl":{"start":{"line":28,"column":42},"end":{"line":28,"column":43}},"loc":{"start":{"line":29,"column":4},"end":{"line":31,"column":11}},"line":29}},"branchMap":{"0":{"loc":{"start":{"line":22,"column":2},"end":{"line":26,"column":3}},"type":"if","locations":[{"start":{"line":22,"column":2},"end":{"line":26,"column":3}},{"start":{},"end":{}}],"line":22}},"s":{"0":1,"1":1,"2":1,"3":0,"4":0,"5":1,"6":1,"7":1},"f":{"0":1,"1":0,"2":1},"b":{"0":[0,1]},"_coverageSchema":"1a1c01bbd47fc00a2c39e90264f33305004495a9","hash":"28550e2adcdd3b321b79e6137cce2a941163aaeb"}
,"/home/nitik/React/blink-list/src/components/pages/bookDetailsPage/BookDetailsPage.tsx": {"path":"/home/nitik/React/blink-list/src/components/pages/bookDetailsPage/BookDetailsPage.tsx","statementMap":{"0":{"start":{"line":19,"column":24},"end":{"line":47,"column":1}},"1":{"start":{"line":28,"column":19},"end":{"line":28,"column":32}},"2":{"start":{"line":29,"column":2},"end":{"line":29,"column":24}},"3":{"start":{"line":30,"column":2},"end":{"line":46,"column":4}}},"fnMap":{"0":{"name":"(anonymous_0)","decl":{"start":{"line":19,"column":24},"end":{"line":19,"column":25}},"loc":{"start":{"line":27,"column":16},"end":{"line":47,"column":1}},"line":27}},"branchMap":{},"s":{"0":1,"1":2,"2":2,"3":2},"f":{"0":2},"b":{},"_coverageSchema":"1a1c01bbd47fc00a2c39e90264f33305004495a9","hash":"d2400ecc5c0c4d453f86e06efe02fa3c82f6efe8"}
,"/home/nitik/React/blink-list/src/components/pages/continueReadingPage/ContinueReadingPage.tsx": {"path":"/home/nitik/React/blink-list/src/components/pages/continueReadingPage/ContinueReadingPage.tsx","statementMap":{"0":{"start":{"line":24,"column":28},"end":{"line":87,"column":1}},"1":{"start":{"line":31,"column":28},"end":{"line":31,"column":41}},"2":{"start":{"line":32,"column":2},"end":{"line":32,"column":51}},"3":{"start":{"line":33,"column":23},"end":{"line":35,"column":3}},"4":{"start":{"line":34,"column":4},"end":{"line":34,"column":23}},"5":{"start":{"line":36,"column":2},"end":{"line":86,"column":4}}},"fnMap":{"0":{"name":"(anonymous_0)","decl":{"start":{"line":24,"column":28},"end":{"line":24,"column":29}},"loc":{"start":{"line":30,"column":27},"end":{"line":87,"column":1}},"line":30},"1":{"name":"(anonymous_1)","decl":{"start":{"line":33,"column":23},"end":{"line":33,"column":24}},"loc":{"start":{"line":33,"column":74},"end":{"line":35,"column":3}},"line":33}},"branchMap":{"0":{"loc":{"start":{"line":43,"column":7},"end":{"line":43,"column":73}},"type":"cond-expr","locations":[{"start":{"line":43,"column":17},"end":{"line":43,"column":36}},{"start":{"line":43,"column":39},"end":{"line":43,"column":73}}],"line":43},"1":{"loc":{"start":{"line":44,"column":7},"end":{"line":84,"column":14}},"type":"cond-expr","locations":[{"start":{"line":45,"column":8},"end":{"line":83,"column":11}},{"start":{"line":84,"column":10},"end":{"line":84,"column":14}}],"line":44}},"s":{"0":1,"1":1,"2":1,"3":1,"4":0,"5":1},"f":{"0":1,"1":0},"b":{"0":[0,1],"1":[1,0]},"_coverageSchema":"1a1c01bbd47fc00a2c39e90264f33305004495a9","hash":"5a17d88105a36f65f85734dd45b022a2276fa416"}
,"/home/nitik/React/blink-list/src/styles/myStyles.jsx": {"path":"/home/nitik/React/blink-list/src/styles/myStyles.jsx","statementMap":{"0":{"start":{"line":3,"column":18},"end":{"line":103,"column":2}}},"fnMap":{},"branchMap":{},"s":{"0":10},"f":{},"b":{},"_coverageSchema":"1a1c01bbd47fc00a2c39e90264f33305004495a9","hash":"6845034d4fabfeabcefd15f99a833aa312a52dbf"}
}
