{"/home/nitik/React/blink-list/src/index.tsx": {"path":"/home/nitik/React/blink-list/src/index.tsx","statementMap":{"0":{"start":{"line":10,"column":15},"end":{"line":10,"column":42}},"1":{"start":{"line":11,"column":17},"end":{"line":11,"column":51}},"2":{"start":{"line":12,"column":13},"end":{"line":14,"column":1}},"3":{"start":{"line":15,"column":0},"end":{"line":27,"column":2}},"4":{"start":{"line":32,"column":0},"end":{"line":32,"column":18}}},"fnMap":{},"branchMap":{},"s":{"0":0,"1":0,"2":0,"3":0,"4":0},"f":{},"b":{}}
,"/home/nitik/React/blink-list/src/theme.tsx": {"path":"/home/nitik/React/blink-list/src/theme.tsx","statementMap":{"0":{"start":{"line":2,"column":21},"end":{"line":8,"column":2}},"1":{"start":{"line":9,"column":22},"end":{"line":15,"column":2}},"2":{"start":{"line":16,"column":31},"end":{"line":20,"column":2}}},"fnMap":{},"branchMap":{},"s":{"0":11,"1":11,"2":11},"f":{},"b":{},"_coverageSchema":"1a1c01bbd47fc00a2c39e90264f33305004495a9","hash":"430b83668022ca60a6e832a63259bb6c519fbd9e"}
,"/home/nitik/React/blink-list/src/components/atoms/buttons/FinishedReadingButton/FinishedReadingButton.tsx": {"path":"/home/nitik/React/blink-list/src/components/atoms/buttons/FinishedReadingButton/FinishedReadingButton.tsx","statementMap":{"0":{"start":{"line":18,"column":30},"end":{"line":77,"column":1}},"1":{"start":{"line":26,"column":19},"end":{"line":26,"column":32}},"2":{"start":{"line":28,"column":4},"end":{"line":28,"column":37}},"3":{"start":{"line":30,"column":14},"end":{"line":30,"column":65}},"4":{"start":{"line":30,"column":45},"end":{"line":30,"column":64}},"5":{"start":{"line":31,"column":4},"end":{"line":33,"column":5}},"6":{"start":{"line":32,"column":6},"end":{"line":32,"column":13}},"7":{"start":{"line":34,"column":29},"end":{"line":37,"column":5}},"8":{"start":{"line":38,"column":27},"end":{"line":38,"column":79}},"9":{"start":{"line":38,"column":58},"end":{"line":38,"column":78}},"10":{"start":{"line":40,"column":4},"end":{"line":48,"column":5}},"11":{"start":{"line":41,"column":23},"end":{"line":43,"column":7}},"12":{"start":{"line":44,"column":6},"end":{"line":44,"column":33}},"13":{"start":{"line":45,"column":6},"end":{"line":45,"column":43}},"14":{"start":{"line":47,"column":6},"end":{"line":47,"column":27}},"15":{"start":{"line":49,"column":4},"end":{"line":62,"column":5}},"16":{"start":{"line":50,"column":23},"end":{"line":57,"column":8}},"17":{"start":{"line":58,"column":6},"end":{"line":58,"column":33}},"18":{"start":{"line":59,"column":6},"end":{"line":59,"column":43}},"19":{"start":{"line":61,"column":6},"end":{"line":61,"column":27}},"20":{"start":{"line":63,"column":4},"end":{"line":63,"column":18}},"21":{"start":{"line":65,"column":2},"end":{"line":76,"column":4}}},"fnMap":{"0":{"name":"(anonymous_0)","decl":{"start":{"line":18,"column":30},"end":{"line":18,"column":31}},"loc":{"start":{"line":25,"column":23},"end":{"line":77,"column":1}},"line":25},"1":{"name":"handleOnclick","decl":{"start":{"line":27,"column":17},"end":{"line":27,"column":30}},"loc":{"start":{"line":27,"column":33},"end":{"line":64,"column":3}},"line":27},"2":{"name":"(anonymous_2)","decl":{"start":{"line":30,"column":35},"end":{"line":30,"column":36}},"loc":{"start":{"line":30,"column":45},"end":{"line":30,"column":64}},"line":30},"3":{"name":"(anonymous_3)","decl":{"start":{"line":38,"column":48},"end":{"line":38,"column":49}},"loc":{"start":{"line":38,"column":58},"end":{"line":38,"column":78}},"line":38}},"branchMap":{"0":{"loc":{"start":{"line":31,"column":4},"end":{"line":33,"column":5}},"type":"if","locations":[{"start":{"line":31,"column":4},"end":{"line":33,"column":5}},{"start":{},"end":{}}],"line":31}},"s":{"0":3,"1":1,"2":1,"3":1,"4":1,"5":1,"6":0,"7":1,"8":1,"9":1,"10":1,"11":1,"12":0,"13":0,"14":0,"15":0,"16":0,"17":0,"18":0,"19":0,"20":0,"21":1},"f":{"0":1,"1":1,"2":1,"3":1},"b":{"0":[0,1]},"_coverageSchema":"1a1c01bbd47fc00a2c39e90264f33305004495a9","hash":"98531ad7661b4527d48e8b13548d2ad1e8e11783"}
,"/home/nitik/React/blink-list/src/components/atoms/typography/TypographyComponent.tsx": {"path":"/home/nitik/React/blink-list/src/components/atoms/typography/TypographyComponent.tsx","statementMap":{"0":{"start":{"line":5,"column":35},"end":{"line":32,"column":1}},"1":{"start":{"line":16,"column":2},"end":{"line":31,"column":4}}},"fnMap":{"0":{"name":"(anonymous_0)","decl":{"start":{"line":5,"column":35},"end":{"line":5,"column":36}},"loc":{"start":{"line":15,"column":23},"end":{"line":32,"column":1}},"line":15}},"branchMap":{},"s":{"0":10,"1":108},"f":{"0":108},"b":{},"_coverageSchema":"1a1c01bbd47fc00a2c39e90264f33305004495a9","hash":"9696c47274ed0bea32bb422e58dbe470d81d6f0d"}
,"/home/nitik/React/blink-list/src/components/molecules/Login/Login.tsx": {"path":"/home/nitik/React/blink-list/src/components/molecules/Login/Login.tsx","statementMap":{"0":{"start":{"line":4,"column":20},"end":{"line":8,"column":1}},"1":{"start":{"line":5,"column":32},"end":{"line":5,"column":42}},"2":{"start":{"line":7,"column":2},"end":{"line":7,"column":69}},"3":{"start":{"line":7,"column":32},"end":{"line":7,"column":51}}},"fnMap":{"0":{"name":"(anonymous_0)","decl":{"start":{"line":4,"column":20},"end":{"line":4,"column":21}},"loc":{"start":{"line":4,"column":26},"end":{"line":8,"column":1}},"line":4},"1":{"name":"(anonymous_1)","decl":{"start":{"line":7,"column":26},"end":{"line":7,"column":27}},"loc":{"start":{"line":7,"column":32},"end":{"line":7,"column":51}},"line":7}},"branchMap":{},"s":{"0":5,"1":6,"2":6,"3":0},"f":{"0":6,"1":0},"b":{},"_coverageSchema":"1a1c01bbd47fc00a2c39e90264f33305004495a9","hash":"61f0cb2c046dcb188062cfff3322340dc798b7de"}
,"/home/nitik/React/blink-list/src/components/molecules/Logout/Logout.tsx": {"path":"/home/nitik/React/blink-list/src/components/molecules/Logout/Logout.tsx","statementMap":{"0":{"start":{"line":6,"column":21},"end":{"line":17,"column":1}},"1":{"start":{"line":7,"column":21},"end":{"line":7,"column":31}},"2":{"start":{"line":9,"column":2},"end":{"line":16,"column":4}},"3":{"start":{"line":12,"column":21},"end":{"line":12,"column":65}}},"fnMap":{"0":{"name":"(anonymous_0)","decl":{"start":{"line":6,"column":21},"end":{"line":6,"column":22}},"loc":{"start":{"line":6,"column":48},"end":{"line":17,"column":1}},"line":6},"1":{"name":"(anonymous_1)","decl":{"start":{"line":12,"column":15},"end":{"line":12,"column":16}},"loc":{"start":{"line":12,"column":21},"end":{"line":12,"column":65}},"line":12}},"branchMap":{},"s":{"0":5,"1":1,"2":1,"3":0},"f":{"0":1,"1":0},"b":{},"_coverageSchema":"1a1c01bbd47fc00a2c39e90264f33305004495a9","hash":"77669ac28d08233c24e939c9ca83a68c85ac5e84"}
,"/home/nitik/React/blink-list/src/components/molecules/bookDetails/BookDetails.tsx": {"path":"/home/nitik/React/blink-list/src/components/molecules/bookDetails/BookDetails.tsx","statementMap":{"0":{"start":{"line":21,"column":20},"end":{"line":125,"column":1}},"1":{"start":{"line":28,"column":18},"end":{"line":28,"column":29}},"2":{"start":{"line":29,"column":2},"end":{"line":124,"column":4}}},"fnMap":{"0":{"name":"(anonymous_0)","decl":{"start":{"line":21,"column":20},"end":{"line":21,"column":21}},"loc":{"start":{"line":27,"column":16},"end":{"line":125,"column":1}},"line":27}},"branchMap":{},"s":{"0":2,"1":8,"2":8},"f":{"0":8},"b":{},"_coverageSchema":"1a1c01bbd47fc00a2c39e90264f33305004495a9","hash":"3e50c6c8f75f8fbdfa19378b2686119502c9cc17"}
,"/home/nitik/React/blink-list/src/components/molecules/explore/exploreHead/Explore.tsx": {"path":"/home/nitik/React/blink-list/src/components/molecules/explore/exploreHead/Explore.tsx","statementMap":{"0":{"start":{"line":33,"column":16},"end":{"line":188,"column":1}},"1":{"start":{"line":34,"column":18},"end":{"line":34,"column":28}},"2":{"start":{"line":35,"column":19},"end":{"line":35,"column":32}},"3":{"start":{"line":36,"column":15},"end":{"line":106,"column":3}},"4":{"start":{"line":108,"column":28},"end":{"line":108,"column":47}},"5":{"start":{"line":110,"column":23},"end":{"line":112,"column":3}},"6":{"start":{"line":111,"column":4},"end":{"line":111,"column":23}},"7":{"start":{"line":113,"column":2},"end":{"line":187,"column":4}},"8":{"start":{"line":148,"column":18},"end":{"line":167,"column":25}},"9":{"start":{"line":154,"column":22},"end":{"line":154,"column":57}}},"fnMap":{"0":{"name":"(anonymous_0)","decl":{"start":{"line":33,"column":16},"end":{"line":33,"column":17}},"loc":{"start":{"line":33,"column":52},"end":{"line":188,"column":1}},"line":33},"1":{"name":"(anonymous_1)","decl":{"start":{"line":110,"column":23},"end":{"line":110,"column":24}},"loc":{"start":{"line":110,"column":74},"end":{"line":112,"column":3}},"line":110},"2":{"name":"(anonymous_2)","decl":{"start":{"line":147,"column":26},"end":{"line":147,"column":27}},"loc":{"start":{"line":148,"column":18},"end":{"line":167,"column":25}},"line":148},"3":{"name":"(anonymous_3)","decl":{"start":{"line":153,"column":29},"end":{"line":153,"column":30}},"loc":{"start":{"line":153,"column":35},"end":{"line":155,"column":21}},"line":153}},"branchMap":{},"s":{"0":2,"1":2,"2":2,"3":2,"4":2,"5":2,"6":0,"7":2,"8":36,"9":0},"f":{"0":2,"1":0,"2":36,"3":0},"b":{},"_coverageSchema":"1a1c01bbd47fc00a2c39e90264f33305004495a9","hash":"410842f17d2fcb0d52e29ca3c8c32c7a2c6a4828"}
,"/home/nitik/React/blink-list/src/components/molecules/navBar/NavBar.tsx": {"path":"/home/nitik/React/blink-list/src/components/molecules/navBar/NavBar.tsx","statementMap":{"0":{"start":{"line":19,"column":15},"end":{"line":136,"column":1}},"1":{"start":{"line":20,"column":34},"end":{"line":20,"column":74}},"2":{"start":{"line":21,"column":15},"end":{"line":21,"column":32}},"3":{"start":{"line":22,"column":22},"end":{"line":24,"column":3}},"4":{"start":{"line":23,"column":4},"end":{"line":23,"column":37}},"5":{"start":{"line":25,"column":22},"end":{"line":27,"column":3}},"6":{"start":{"line":26,"column":4},"end":{"line":26,"column":22}},"7":{"start":{"line":28,"column":18},"end":{"line":28,"column":29}},"8":{"start":{"line":29,"column":2},"end":{"line":135,"column":4}},"9":{"start":{"line":68,"column":12},"end":{"line":68,"column":47}},"10":{"start":{"line":128,"column":12},"end":{"line":128,"column":47}}},"fnMap":{"0":{"name":"(anonymous_0)","decl":{"start":{"line":19,"column":15},"end":{"line":19,"column":16}},"loc":{"start":{"line":19,"column":78},"end":{"line":136,"column":1}},"line":19},"1":{"name":"(anonymous_1)","decl":{"start":{"line":22,"column":22},"end":{"line":22,"column":23}},"loc":{"start":{"line":22,"column":70},"end":{"line":24,"column":3}},"line":22},"2":{"name":"(anonymous_2)","decl":{"start":{"line":25,"column":22},"end":{"line":25,"column":23}},"loc":{"start":{"line":25,"column":28},"end":{"line":27,"column":3}},"line":25},"3":{"name":"(anonymous_3)","decl":{"start":{"line":67,"column":19},"end":{"line":67,"column":20}},"loc":{"start":{"line":67,"column":25},"end":{"line":69,"column":11}},"line":67},"4":{"name":"(anonymous_4)","decl":{"start":{"line":127,"column":19},"end":{"line":127,"column":20}},"loc":{"start":{"line":127,"column":25},"end":{"line":129,"column":11}},"line":127}},"branchMap":{"0":{"loc":{"start":{"line":64,"column":7},"end":{"line":133,"column":7}},"type":"cond-expr","locations":[{"start":{"line":65,"column":8},"end":{"line":123,"column":15}},{"start":{"line":125,"column":8},"end":{"line":132,"column":15}}],"line":64},"1":{"loc":{"start":{"line":86,"column":31},"end":{"line":86,"column":62}},"type":"cond-expr","locations":[{"start":{"line":86,"column":38},"end":{"line":86,"column":50}},{"start":{"line":86,"column":53},"end":{"line":86,"column":62}}],"line":86},"2":{"loc":{"start":{"line":88,"column":31},"end":{"line":88,"column":56}},"type":"cond-expr","locations":[{"start":{"line":88,"column":38},"end":{"line":88,"column":44}},{"start":{"line":88,"column":47},"end":{"line":88,"column":56}}],"line":88}},"s":{"0":4,"1":5,"2":5,"3":5,"4":0,"5":5,"6":0,"7":5,"8":5,"9":0,"10":0},"f":{"0":5,"1":0,"2":0,"3":0,"4":0},"b":{"0":[0,5],"1":[0,0],"2":[0,0]},"_coverageSchema":"1a1c01bbd47fc00a2c39e90264f33305004495a9","hash":"e214961810dac74a89fa6cf998ac3a7508bd56dd"}
,"/home/nitik/React/blink-list/src/components/molecules/searchBar/SearchBar.tsx": {"path":"/home/nitik/React/blink-list/src/components/molecules/searchBar/SearchBar.tsx","statementMap":{"0":{"start":{"line":4,"column":18},"end":{"line":27,"column":1}},"1":{"start":{"line":5,"column":18},"end":{"line":5,"column":29}},"2":{"start":{"line":6,"column":2},"end":{"line":26,"column":4}},"3":{"start":{"line":22,"column":10},"end":{"line":22,"column":42}}},"fnMap":{"0":{"name":"(anonymous_0)","decl":{"start":{"line":4,"column":18},"end":{"line":4,"column":19}},"loc":{"start":{"line":4,"column":48},"end":{"line":27,"column":1}},"line":4},"1":{"name":"(anonymous_1)","decl":{"start":{"line":21,"column":18},"end":{"line":21,"column":19}},"loc":{"start":{"line":21,"column":25},"end":{"line":23,"column":9}},"line":21}},"branchMap":{},"s":{"0":2,"1":2,"2":2,"3":0},"f":{"0":2,"1":0},"b":{},"_coverageSchema":"1a1c01bbd47fc00a2c39e90264f33305004495a9","hash":"a4b21ca65bd2bd1833b30f6c46c326c30948aab6"}
,"/home/nitik/React/blink-list/src/components/pages/EntrepreneurshipBooksPage/EntrepreneurshipBooksPage.tsx": {"path":"/home/nitik/React/blink-list/src/components/pages/EntrepreneurshipBooksPage/EntrepreneurshipBooksPage.tsx","statementMap":{"0":{"start":{"line":12,"column":34},"end":{"line":47,"column":1}},"1":{"start":{"line":13,"column":42},"end":{"line":13,"column":54}},"2":{"start":{"line":14,"column":2},"end":{"line":18,"column":3}},"3":{"start":{"line":15,"column":4},"end":{"line":17,"column":6}},"4":{"start":{"line":16,"column":6},"end":{"line":16,"column":70}},"5":{"start":{"line":20,"column":32},"end":{"line":24,"column":4}},"6":{"start":{"line":21,"column":4},"end":{"line":23,"column":11}},"7":{"start":{"line":26,"column":2},"end":{"line":46,"column":4}}},"fnMap":{"0":{"name":"(anonymous_0)","decl":{"start":{"line":12,"column":34},"end":{"line":12,"column":35}},"loc":{"start":{"line":12,"column":59},"end":{"line":47,"column":1}},"line":12},"1":{"name":"(anonymous_1)","decl":{"start":{"line":15,"column":25},"end":{"line":15,"column":26}},"loc":{"start":{"line":16,"column":6},"end":{"line":16,"column":70}},"line":16},"2":{"name":"(anonymous_2)","decl":{"start":{"line":20,"column":42},"end":{"line":20,"column":43}},"loc":{"start":{"line":21,"column":4},"end":{"line":23,"column":11}},"line":21}},"branchMap":{"0":{"loc":{"start":{"line":14,"column":2},"end":{"line":18,"column":3}},"type":"if","locations":[{"start":{"line":14,"column":2},"end":{"line":18,"column":3}},{"start":{},"end":{}}],"line":14}},"s":{"0":1,"1":1,"2":1,"3":0,"4":0,"5":1,"6":1,"7":1},"f":{"0":1,"1":0,"2":1},"b":{"0":[0,1]},"_coverageSchema":"1a1c01bbd47fc00a2c39e90264f33305004495a9","hash":"141a1faf51a27a51949b2b4328315a935a4dfd5e"}
,"/home/nitik/React/blink-list/src/components/pages/bookDetailsPage/BookDetailsPage.tsx": {"path":"/home/nitik/React/blink-list/src/components/pages/bookDetailsPage/BookDetailsPage.tsx","statementMap":{"0":{"start":{"line":15,"column":24},"end":{"line":36,"column":1}},"1":{"start":{"line":21,"column":19},"end":{"line":21,"column":32}},"2":{"start":{"line":22,"column":2},"end":{"line":22,"column":24}},"3":{"start":{"line":23,"column":2},"end":{"line":35,"column":4}}},"fnMap":{"0":{"name":"(anonymous_0)","decl":{"start":{"line":15,"column":24},"end":{"line":15,"column":25}},"loc":{"start":{"line":20,"column":16},"end":{"line":36,"column":1}},"line":20}},"branchMap":{},"s":{"0":1,"1":2,"2":2,"3":2},"f":{"0":2},"b":{},"_coverageSchema":"1a1c01bbd47fc00a2c39e90264f33305004495a9","hash":"908401145b93576930347b8e3b1af1dc5a071e58"}
,"/home/nitik/React/blink-list/src/components/pages/continueReadingPage/ContinueReadingPage.tsx": {"path":"/home/nitik/React/blink-list/src/components/pages/continueReadingPage/ContinueReadingPage.tsx","statementMap":{"0":{"start":{"line":21,"column":28},"end":{"line":83,"column":1}},"1":{"start":{"line":25,"column":32},"end":{"line":25,"column":47}},"2":{"start":{"line":26,"column":30},"end":{"line":26,"column":40}},"3":{"start":{"line":27,"column":28},"end":{"line":27,"column":41}},"4":{"start":{"line":28,"column":2},"end":{"line":28,"column":51}},"5":{"start":{"line":29,"column":23},"end":{"line":31,"column":3}},"6":{"start":{"line":30,"column":4},"end":{"line":30,"column":23}},"7":{"start":{"line":32,"column":2},"end":{"line":82,"column":4}}},"fnMap":{"0":{"name":"(anonymous_0)","decl":{"start":{"line":21,"column":28},"end":{"line":21,"column":29}},"loc":{"start":{"line":24,"column":27},"end":{"line":83,"column":1}},"line":24},"1":{"name":"(anonymous_1)","decl":{"start":{"line":29,"column":23},"end":{"line":29,"column":24}},"loc":{"start":{"line":29,"column":74},"end":{"line":31,"column":3}},"line":29}},"branchMap":{"0":{"loc":{"start":{"line":39,"column":7},"end":{"line":39,"column":73}},"type":"cond-expr","locations":[{"start":{"line":39,"column":17},"end":{"line":39,"column":36}},{"start":{"line":39,"column":39},"end":{"line":39,"column":73}}],"line":39},"1":{"loc":{"start":{"line":40,"column":7},"end":{"line":80,"column":14}},"type":"cond-expr","locations":[{"start":{"line":41,"column":8},"end":{"line":79,"column":11}},{"start":{"line":80,"column":10},"end":{"line":80,"column":14}}],"line":40}},"s":{"0":1,"1":1,"2":1,"3":1,"4":1,"5":1,"6":0,"7":1},"f":{"0":1,"1":0},"b":{"0":[0,1],"1":[0,1]},"_coverageSchema":"1a1c01bbd47fc00a2c39e90264f33305004495a9","hash":"0cdffa0cb6d5730d82d825550e4534d920569b34"}
,"/home/nitik/React/blink-list/src/interfaces/interface.tsx": {"path":"/home/nitik/React/blink-list/src/interfaces/interface.tsx","statementMap":{},"fnMap":{},"branchMap":{},"s":{},"f":{},"b":{}}
,"/home/nitik/React/blink-list/src/styles/myStyles.jsx": {"path":"/home/nitik/React/blink-list/src/styles/myStyles.jsx","statementMap":{"0":{"start":{"line":3,"column":18},"end":{"line":98,"column":2}}},"fnMap":{},"branchMap":{},"s":{"0":10},"f":{},"b":{},"_coverageSchema":"1a1c01bbd47fc00a2c39e90264f33305004495a9","hash":"3f3ee84523db5ad5cd97d62a243265e63be4d348"}
}
