TN:
SF:src/App.tsx
FN:12,App
FN:19,(anonymous_1)
FN:20,getUser
FNF:3
FNH:0
FNDA:0,App
FNDA:0,(anonymous_1)
FNDA:0,getUser
DA:13,0
DA:14,0
DA:15,0
DA:16,0
DA:17,0
DA:19,0
DA:21,0
DA:22,0
DA:25,0
DA:26,0
DA:28,0
DA:30,0
DA:31,0
DA:34,0
DA:35,0
DA:37,0
DA:39,0
DA:40,0
DA:41,0
DA:42,0
DA:44,0
DA:47,0
DA:49,0
LF:23
LH:0
BRF:0
BRH:0
end_of_record
TN:
SF:src/index.tsx
FNF:0
FNH:0
DA:10,0
DA:11,0
DA:12,0
DA:15,0
DA:32,0
LF:5
LH:0
BRF:0
BRH:0
end_of_record
TN:
SF:src/reportWebVitals.ts
FN:3,(anonymous_0)
FN:5,(anonymous_1)
FNF:2
FNH:0
FNDA:0,(anonymous_0)
FNDA:0,(anonymous_1)
DA:3,0
DA:4,0
DA:5,0
DA:6,0
DA:7,0
DA:8,0
DA:9,0
DA:10,0
LF:8
LH:0
BRDA:4,0,0,0
BRDA:4,0,1,0
BRDA:4,1,0,0
BRDA:4,1,1,0
BRF:4
BRH:0
end_of_record
TN:
SF:src/theme.tsx
FNF:0
FNH:0
DA:2,11
DA:9,11
DA:16,11
LF:3
LH:3
BRF:0
BRH:0
end_of_record
TN:
SF:src/components/atoms/anchor/Anchor.stories.tsx
FN:19,(anonymous_0)
FNF:1
FNH:0
FNDA:0,(anonymous_0)
DA:19,0
DA:22,0
DA:23,0
LF:3
LH:0
BRF:0
BRH:0
end_of_record
TN:
SF:src/components/atoms/anchor/Anchor.tsx
FN:5,(anonymous_0)
FN:6,(anonymous_1)
FNF:2
FNH:2
FNDA:21,(anonymous_0)
FNDA:2,(anonymous_1)
DA:5,9
DA:6,21
DA:7,2
DA:8,2
DA:9,2
DA:11,21
LF:6
LH:6
BRDA:8,0,0,1
BRDA:8,0,1,1
BRF:2
BRH:2
end_of_record
TN:
SF:src/components/atoms/buttons/FinishedReadingButton/FInishedReadingButton.stories.tsx
FN:20,(anonymous_0)
FNF:1
FNH:0
FNDA:0,(anonymous_0)
DA:20,0
DA:21,0
DA:27,0
DA:28,0
LF:4
LH:0
BRF:0
BRH:0
end_of_record
TN:
SF:src/components/atoms/buttons/FinishedReadingButton/FinishedReadingButton.tsx
FN:18,(anonymous_0)
FN:27,handleOnclick
FN:30,(anonymous_2)
FN:38,(anonymous_3)
FNF:4
FNH:4
FNDA:4,(anonymous_0)
FNDA:2,handleOnclick
FNDA:2,(anonymous_2)
FNDA:1,(anonymous_3)
DA:18,3
DA:26,4
DA:28,2
DA:30,2
DA:31,2
DA:32,1
DA:34,1
DA:38,1
DA:40,1
DA:41,1
DA:44,0
DA:45,0
DA:47,0
DA:49,0
DA:50,0
DA:58,0
DA:59,0
DA:61,0
DA:63,0
DA:65,4
LF:20
LH:11
BRDA:31,0,0,1
BRDA:31,0,1,1
BRF:2
BRH:2
end_of_record
TN:
SF:src/components/atoms/buttons/ReadNowButton/FInishedReadingButton.stories.tsx
FN:20,(anonymous_0)
FNF:1
FNH:0
FNDA:0,(anonymous_0)
DA:20,0
DA:21,0
DA:27,0
DA:28,0
LF:4
LH:0
BRF:0
BRH:0
end_of_record
TN:
SF:src/components/atoms/buttons/ReadNowButton/ReadNowButton.tsx
FN:9,(anonymous_0)
FN:18,handleOnclick
FN:21,(anonymous_2)
FN:26,(anonymous_3)
FNF:4
FNH:4
FNDA:4,(anonymous_0)
FNDA:2,handleOnclick
FNDA:2,(anonymous_2)
FNDA:1,(anonymous_3)
DA:9,3
DA:17,4
DA:19,2
DA:21,2
DA:22,2
DA:23,1
DA:25,1
DA:26,1
DA:28,1
DA:29,1
DA:32,0
DA:33,0
DA:35,0
DA:37,0
DA:38,0
DA:46,0
DA:47,0
DA:49,0
DA:51,0
DA:53,4
LF:20
LH:11
BRDA:22,0,0,1
BRDA:22,0,1,1
BRF:2
BRH:2
end_of_record
TN:
SF:src/components/atoms/icons/SearchIIcon.tsx
FN:5,(anonymous_0)
FNF:1
FNH:1
FNDA:10,(anonymous_0)
DA:5,6
DA:6,10
LF:2
LH:2
BRF:0
BRH:0
end_of_record
TN:
SF:src/components/atoms/icons/SearchIcon.stories.tsx
FN:19,(anonymous_0)
FNF:1
FNH:0
FNDA:0,(anonymous_0)
DA:19,0
DA:20,0
DA:24,0
DA:25,0
DA:30,0
DA:31,0
LF:6
LH:0
BRF:0
BRH:0
end_of_record
TN:
SF:src/components/atoms/logo/Logo.stories.tsx
FN:21,(anonymous_0)
FNF:1
FNH:0
FNDA:0,(anonymous_0)
DA:21,0
DA:22,0
DA:29,0
DA:30,0
DA:33,0
DA:34,0
LF:6
LH:0
BRF:0
BRH:0
end_of_record
TN:
SF:src/components/atoms/logo/Logo.tsx
FN:12,(anonymous_0)
FN:20,(anonymous_1)
FNF:2
FNH:1
FNDA:9,(anonymous_0)
FNDA:0,(anonymous_1)
DA:12,6
DA:13,9
DA:14,9
DA:21,0
LF:4
LH:3
BRF:0
BRH:0
end_of_record
TN:
SF:src/components/atoms/navDown/NavDown.stories.tsx
FN:21,(anonymous_0)
FNF:1
FNH:0
FNDA:0,(anonymous_0)
DA:21,0
DA:22,0
DA:28,0
DA:29,0
DA:32,0
DA:33,0
LF:6
LH:0
BRF:0
BRH:0
end_of_record
TN:
SF:src/components/atoms/navDown/NavDown.tsx
FN:5,(anonymous_0)
FNF:1
FNH:1
FNDA:12,(anonymous_0)
DA:5,5
DA:6,12
LF:2
LH:2
BRF:0
BRH:0
end_of_record
TN:
SF:src/components/atoms/typography/TypographyComponent.stories.tsx
FN:20,(anonymous_0)
FNF:1
FNH:0
FNDA:0,(anonymous_0)
DA:20,0
DA:21,0
DA:27,0
DA:28,0
DA:32,0
DA:33,0
LF:6
LH:0
BRF:0
BRH:0
end_of_record
TN:
SF:src/components/atoms/typography/TypographyComponent.tsx
FN:5,(anonymous_0)
FNF:1
FNH:1
FNDA:107,(anonymous_0)
DA:5,10
DA:16,107
LF:2
LH:2
BRF:0
BRH:0
end_of_record
TN:
SF:src/components/atoms/underLinedButton/UnderLinedButoon.stories.tsx
FN:20,(anonymous_0)
FNF:1
FNH:0
FNDA:0,(anonymous_0)
DA:20,0
DA:21,0
DA:27,0
DA:28,0
DA:32,0
DA:33,0
LF:6
LH:0
BRF:0
BRH:0
end_of_record
TN:
SF:src/components/atoms/underLinedButton/UnderLinedButton.tsx
FN:4,(anonymous_0)
FNF:1
FNH:1
FNDA:7,(anonymous_0)
DA:4,3
DA:9,7
LF:2
LH:2
BRF:0
BRH:0
end_of_record
TN:
SF:src/components/molecules/Login/Login.tsx
FN:6,(anonymous_0)
FN:10,(anonymous_1)
FNF:2
FNH:1
FNDA:2,(anonymous_0)
FNDA:0,(anonymous_1)
DA:6,5
DA:7,2
DA:9,2
DA:10,0
LF:4
LH:3
BRF:0
BRH:0
end_of_record
TN:
SF:src/components/molecules/Logout/Logout.tsx
FN:6,(anonymous_0)
FN:12,(anonymous_1)
FNF:2
FNH:1
FNDA:1,(anonymous_0)
FNDA:0,(anonymous_1)
DA:6,5
DA:7,1
DA:9,1
DA:12,0
LF:4
LH:3
BRF:0
BRH:0
end_of_record
TN:
SF:src/components/molecules/bookCard/BookCard.stories.tsx
FN:20,(anonymous_0)
FNF:1
FNH:0
FNDA:0,(anonymous_0)
DA:20,0
DA:21,0
DA:27,0
DA:28,0
DA:40,0
DA:41,0
LF:6
LH:0
BRF:0
BRH:0
end_of_record
TN:
SF:src/components/molecules/bookCard/BookCard.tsx
FN:10,(anonymous_0)
FN:21,(anonymous_1)
FNF:2
FNH:1
FNDA:5,(anonymous_0)
FNDA:0,(anonymous_1)
DA:10,5
DA:11,5
DA:12,5
DA:13,5
DA:22,0
LF:5
LH:4
BRF:0
BRH:0
end_of_record
TN:
SF:src/components/molecules/bookDetails/BookDetails.stories.tsx
FN:20,(anonymous_0)
FNF:1
FNH:0
FNDA:0,(anonymous_0)
DA:20,0
DA:21,0
DA:27,0
LF:3
LH:0
BRF:0
BRH:0
end_of_record
TN:
SF:src/components/molecules/bookDetails/BookDetails.tsx
FN:21,(anonymous_0)
FNF:1
FNH:1
FNDA:2,(anonymous_0)
DA:21,2
DA:28,2
DA:29,2
LF:3
LH:3
BRF:0
BRH:0
end_of_record
TN:
SF:src/components/molecules/explore/exploreHead/Explore.stories.tsx
FN:20,(anonymous_0)
FNF:1
FNH:0
FNDA:0,(anonymous_0)
DA:20,0
DA:21,0
DA:27,0
DA:28,0
LF:4
LH:0
BRF:0
BRH:0
end_of_record
TN:
SF:src/components/molecules/explore/exploreHead/Explore.tsx
FN:33,(anonymous_0)
FN:110,(anonymous_1)
FN:147,(anonymous_2)
FN:153,(anonymous_3)
FNF:4
FNH:2
FNDA:2,(anonymous_0)
FNDA:0,(anonymous_1)
FNDA:36,(anonymous_2)
FNDA:0,(anonymous_3)
DA:33,2
DA:34,2
DA:35,2
DA:36,2
DA:108,2
DA:110,2
DA:111,0
DA:113,2
DA:148,36
DA:154,0
LF:10
LH:8
BRF:0
BRH:0
end_of_record
TN:
SF:src/components/molecules/exploreBookOnEntrepreneurship/ExploreBooksOnEntrepreneurship.stories.tsx
FN:20,(anonymous_0)
FNF:1
FNH:0
FNDA:0,(anonymous_0)
DA:20,0
DA:23,0
DA:29,0
LF:3
LH:0
BRF:0
BRH:0
end_of_record
TN:
SF:src/components/molecules/exploreBookOnEntrepreneurship/ExploreBooksOnEntrepreneurship.tsx
FN:4,(anonymous_0)
FNF:1
FNH:1
FNDA:4,(anonymous_0)
DA:4,2
DA:5,4
LF:2
LH:2
BRF:0
BRH:0
end_of_record
TN:
SF:src/components/molecules/footer/Footer.stories.tsx
FN:20,(anonymous_0)
FNF:1
FNH:0
FNDA:0,(anonymous_0)
DA:20,0
DA:21,0
DA:27,0
LF:3
LH:0
BRF:0
BRH:0
end_of_record
TN:
SF:src/components/molecules/footer/Footer.tsx
FN:6,(anonymous_0)
FNF:1
FNH:1
FNDA:2,(anonymous_0)
DA:6,2
DA:7,2
LF:2
LH:2
BRF:0
BRH:0
end_of_record
TN:
SF:src/components/molecules/navBar/NavBar.stories.tsx
FN:20,(anonymous_0)
FNF:1
FNH:0
FNDA:0,(anonymous_0)
DA:20,0
DA:21,0
DA:27,0
LF:3
LH:0
BRF:0
BRH:0
end_of_record
TN:
SF:src/components/molecules/navBar/NavBar.tsx
FN:19,(anonymous_0)
FN:22,(anonymous_1)
FN:25,(anonymous_2)
FN:67,(anonymous_3)
FN:127,(anonymous_4)
FNF:5
FNH:1
FNDA:6,(anonymous_0)
FNDA:0,(anonymous_1)
FNDA:0,(anonymous_2)
FNDA:0,(anonymous_3)
FNDA:0,(anonymous_4)
DA:19,4
DA:20,6
DA:21,6
DA:22,6
DA:23,0
DA:25,6
DA:26,0
DA:28,6
DA:29,6
DA:68,0
DA:128,0
LF:11
LH:7
BRDA:64,0,0,5
BRDA:64,0,1,1
BRDA:86,1,0,0
BRDA:86,1,1,5
BRDA:88,2,0,0
BRDA:88,2,1,5
BRF:6
BRH:4
end_of_record
TN:
SF:src/components/molecules/searchBar/SearchBar.stories.tsx
FN:20,(anonymous_0)
FNF:1
FNH:0
FNDA:0,(anonymous_0)
DA:20,0
DA:21,0
DA:27,0
LF:3
LH:0
BRF:0
BRH:0
end_of_record
TN:
SF:src/components/molecules/searchBar/SearchBar.tsx
FN:4,(anonymous_0)
FN:21,(anonymous_1)
FNF:2
FNH:1
FNDA:3,(anonymous_0)
FNDA:0,(anonymous_1)
DA:4,2
DA:5,3
DA:6,3
DA:22,0
LF:4
LH:3
BRF:0
BRH:0
end_of_record
TN:
SF:src/components/pages/EntrepreneurshipBooksPage/EntrepreneurshipBooksPage.tsx
FN:15,(anonymous_0)
FN:23,(anonymous_1)
FN:28,(anonymous_2)
FNF:3
FNH:2
FNDA:1,(anonymous_0)
FNDA:0,(anonymous_1)
FNDA:1,(anonymous_2)
DA:15,1
DA:21,1
DA:22,1
DA:23,0
DA:24,0
DA:28,1
DA:29,1
DA:34,1
LF:8
LH:6
BRDA:22,0,0,0
BRDA:22,0,1,1
BRF:2
BRH:1
end_of_record
TN:
SF:src/components/pages/bookDetailsPage/BookDetailsPage.tsx
FN:19,(anonymous_0)
FNF:1
FNH:1
FNDA:1,(anonymous_0)
DA:19,1
DA:28,1
DA:29,1
DA:30,1
LF:4
LH:4
BRF:0
BRH:0
end_of_record
TN:
SF:src/components/pages/continueReadingPage/ContinueReadingPage.tsx
FN:24,(anonymous_0)
FN:33,(anonymous_1)
FNF:2
FNH:1
FNDA:1,(anonymous_0)
FNDA:0,(anonymous_1)
DA:24,1
DA:31,1
DA:32,1
DA:33,1
DA:34,0
DA:36,1
LF:6
LH:5
BRDA:43,0,0,0
BRDA:43,0,1,1
BRDA:44,1,0,1
BRDA:44,1,1,0
BRF:4
BRH:2
end_of_record
TN:
SF:src/components/templates/currently reading/CurrentlyReading.stories.tsx
FN:20,(anonymous_0)
FNF:1
FNH:0
FNDA:0,(anonymous_0)
DA:20,0
DA:21,0
DA:27,0
DA:28,0
LF:4
LH:0
BRF:0
BRH:0
end_of_record
TN:
SF:src/components/templates/currently reading/CurrentlyReading.tsx
FN:8,(anonymous_0)
FN:12,(anonymous_1)
FNF:2
FNH:2
FNDA:2,(anonymous_0)
FNDA:2,(anonymous_1)
DA:8,2
DA:9,2
DA:12,2
DA:13,2
DA:18,2
LF:5
LH:5
BRF:0
BRH:0
end_of_record
TN:
SF:src/components/templates/finished reading/FinishedReading.stories.tsx
FN:20,(anonymous_0)
FNF:1
FNH:0
FNDA:0,(anonymous_0)
DA:20,0
DA:21,0
DA:27,0
DA:28,0
LF:4
LH:0
BRF:0
BRH:0
end_of_record
TN:
SF:src/components/templates/finished reading/FinishedReading.tsx
FN:8,(anonymous_0)
FN:11,(anonymous_1)
FNF:2
FNH:2
FNDA:1,(anonymous_0)
FNDA:1,(anonymous_1)
DA:8,2
DA:9,1
DA:11,1
DA:12,1
DA:17,1
LF:5
LH:5
BRF:0
BRH:0
end_of_record
TN:
SF:src/interfaces/interface.tsx
FNF:0
FNH:0
LF:0
LH:0
BRF:0
BRH:0
end_of_record
TN:
SF:src/styles/myStyles.jsx
FNF:0
FNH:0
DA:3,10
LF:1
LH:1
BRF:0
BRH:0
end_of_record
