TN:
SF:src/App.tsx
FN:12,App
FN:19,(anonymous_1)
FN:20,getUser
FNF:3
FNH:0
FNDA:0,App
FNDA:0,(anonymous_1)
FNDA:0,getUser
DA:13,0
DA:14,0
DA:15,0
DA:16,0
DA:17,0
DA:19,0
DA:21,0
DA:22,0
DA:25,0
DA:26,0
DA:28,0
DA:30,0
DA:31,0
DA:34,0
DA:35,0
DA:37,0
DA:39,0
DA:40,0
DA:41,0
DA:42,0
DA:44,0
DA:47,0
DA:49,0
LF:23
LH:0
BRF:0
BRH:0
end_of_record
TN:
SF:src/components/atoms/buttons/ReadNowButton/ReadNowButton.tsx
FN:9,(anonymous_0)
FN:18,handleOnclick
FN:21,(anonymous_2)
FN:26,(anonymous_3)
FNF:4
FNH:1
FNDA:6,(anonymous_0)
FNDA:0,handleOnclick
FNDA:0,(anonymous_2)
FNDA:0,(anonymous_3)
DA:9,3
DA:17,6
DA:19,0
DA:21,0
DA:22,0
DA:23,0
DA:25,0
DA:26,0
DA:28,0
DA:29,0
DA:32,0
DA:33,0
DA:35,0
DA:37,0
DA:38,0
DA:46,0
DA:47,0
DA:49,0
DA:51,0
DA:53,2
LF:20
LH:3
BRDA:22,0,0,0
BRDA:22,0,1,0
BRF:2
BRH:0
end_of_record
TN:
SF:src/components/molecules/Login/Login.tsx
FN:6,(anonymous_0)
FN:10,(anonymous_1)
FNF:2
FNH:1
FNDA:2,(anonymous_0)
FNDA:0,(anonymous_1)
DA:6,5
DA:7,2
DA:9,2
DA:10,0
LF:4
LH:3
BRF:0
BRH:0
end_of_record
TN:
SF:src/components/molecules/Logout/Logout.tsx
FN:6,(anonymous_0)
FN:12,(anonymous_1)
FNF:2
FNH:1
FNDA:1,(anonymous_0)
FNDA:0,(anonymous_1)
DA:6,5
DA:7,1
DA:9,1
DA:12,0
LF:4
LH:3
BRF:0
BRH:0
end_of_record
TN:
SF:src/components/molecules/navBar/NavBar.tsx
FN:19,(anonymous_0)
FN:22,(anonymous_1)
FN:25,(anonymous_2)
FN:67,(anonymous_3)
FN:127,(anonymous_4)
FNF:5
FNH:1
FNDA:5,(anonymous_0)
FNDA:0,(anonymous_1)
FNDA:0,(anonymous_2)
FNDA:0,(anonymous_3)
FNDA:0,(anonymous_4)
DA:19,4
DA:20,5
DA:21,5
DA:22,5
DA:23,0
DA:25,5
DA:26,0
DA:28,5
DA:29,5
DA:68,0
DA:128,0
LF:11
LH:7
BRDA:64,0,0,4
BRDA:64,0,1,1
BRDA:86,1,0,0
BRDA:86,1,1,4
BRDA:88,2,0,0
BRDA:88,2,1,4
BRF:6
BRH:4
end_of_record
TN:
SF:src/components/pages/EntrepreneurshipBooksPage/EntrepreneurshipBooksPage.tsx
FN:15,(anonymous_0)
FN:23,(anonymous_1)
FN:28,(anonymous_2)
FNF:3
FNH:2
FNDA:1,(anonymous_0)
FNDA:0,(anonymous_1)
FNDA:1,(anonymous_2)
DA:15,1
DA:21,1
DA:22,1
DA:23,0
DA:24,0
DA:28,1
DA:29,1
DA:34,1
LF:8
LH:6
BRDA:22,0,0,0
BRDA:22,0,1,1
BRF:2
BRH:1
end_of_record
TN:
SF:src/components/pages/bookDetailsPage/BookDetailsPage.tsx
FN:19,(anonymous_0)
FNF:1
FNH:1
FNDA:2,(anonymous_0)
DA:19,1
DA:28,2
DA:29,2
DA:30,2
LF:4
LH:4
BRF:0
BRH:0
end_of_record
TN:
SF:src/components/pages/continueReadingPage/ContinueReadingPage.tsx
FN:24,(anonymous_0)
FN:33,(anonymous_1)
FNF:2
FNH:1
FNDA:1,(anonymous_0)
FNDA:0,(anonymous_1)
DA:24,1
DA:31,1
DA:32,1
DA:33,1
DA:34,0
DA:36,1
LF:6
LH:5
BRDA:43,0,0,0
BRDA:43,0,1,1
BRDA:44,1,0,1
BRDA:44,1,1,0
BRF:4
BRH:2
end_of_record
TN:
SF:src/styles/myStyles.jsx
FNF:0
FNH:0
DA:3,10
LF:1
LH:1
BRF:0
BRH:0
end_of_record
